C51 COMPILER V9.59.0.0   P1                                                                10/16/2018 16:20:20 PAGE 1   


C51 COMPILER V9.59.0.0, COMPILATION OF MODULE P1
OBJECT MODULE PLACED IN .\Objects\p1.obj
COMPILER INVOKED BY: C:\Keil_v5\C51\BIN\C51.EXE ADSR\p1.c OPTIMIZE(8,SPEED) BROWSE DEBUG OBJECTEXTEND PRINT(.\Listings\p
                    -1.lst) TABS(2) OBJECT(.\Objects\p1.obj)

line level    source

   1          #include <at89c5131.h>
   2          #include <stdio.h>
   3          
   4          void delay(int delay_in_ms);
   5          void SPI_init();
   6          void SPI_send(char onebyte);
   7          void SPI_send2(char hbyte, char lbyte);
   8          
   9          unsigned char serial_data;
  10          
  11          sbit csb = P3^4;
  12          sbit fs = P3^5;
  13          
  14          bit transmit_completed = 0;
  15          
  16          void main(void)
  17          {
  18   1        SPI_init();
  19   1        while(1)
  20   1        {
  21   2          SPI_send2(0x00,0x00);
  22   2          delay(100);
  23   2          SPI_send2(0x04,0x00);
  24   2          delay(100);
  25   2          SPI_send2(0x08,0x00);
  26   2          delay(100);
  27   2          SPI_send2(0x0F,0xFF);
  28   2          delay(100);
  29   2        }
  30   1      }
  31          
  32          void delay(int delay_in_ms)
  33          {
  34   1        int d=0;
  35   1        while(delay_in_ms>0)
  36   1        {
  37   2          for(d=0;d<382;d++);
  38   2          delay_in_ms--;
  39   2        }
  40   1        return; 
  41   1      }
  42          
  43          void SPI_init()
  44          {
  45   1        csb = 1;
  46   1        fs = 1;                     // DISABLE ADC SLAVE SELECT-CS 
  47   1        SPCON |= 0x20;                  // P1.1(SSBAR) is available as standard I/O pin 
  48   1        SPCON |= 0x01;                  // Fclk Periph/4 AND Fclk Periph=12MHz ,HENCE SCK IE. BAUD RATE=3000KHz 
  49   1        SPCON |= 0x10;                  // Master mode 
  50   1        SPCON |= 0x08;                // CPOL=1; transmit mode example|| SCK is 0 at idle state
  51   1        SPCON &= ~0x04;                 // CPHA=0; transmit mode example 
  52   1        IEN1 |= 0x04;                   // enable spi interrupt 
  53   1        EA=1;                           // enable interrupts 
  54   1        SPCON |= 0x40;                  // run spi;ENABLE SPI INTERFACE SPEN= 1 
C51 COMPILER V9.59.0.0   P1                                                                10/16/2018 16:20:20 PAGE 2   

  55   1      //  IPH0 |=0x10;
  56   1      //  IPL0 |=0x10;
  57   1      }
  58          
  59          void SPI_send(char onebyte)   
  60          {
  61   1        transmit_completed = 0;
  62   1        SPDAT = onebyte;
  63   1        while(!transmit_completed);
  64   1        return;
  65   1      }
  66          
  67          void SPI_send2(char hbyte,char lbyte)
  68          {
  69   1        fs = 1;
  70   1        csb = 0;
  71   1        fs = 0;
  72   1        SPI_send(hbyte);
  73   1        SPI_send(lbyte);
  74   1        fs = 1;
  75   1        csb = 1;
  76   1        return;
  77   1      }
  78          
  79          void it_SPI(void) interrupt 9 /* interrupt address is 0x004B, (Address -3)/8 = interrupt no.*/
  80          {
  81   1        switch  ( SPSTA )         /* read and clear spi status register */
  82   1        {
  83   2          case 0x80:  
  84   2            serial_data=SPDAT;   /* read receive data */    //needs to be read to clear the trigger
  85   2            transmit_completed=1;/* set software flag */
  86   2          break;
  87   2      
  88   2          case 0x10:
  89   2            
  90   2          break;
  91   2        
  92   2          case 0x40:
  93   2          break;
  94   2        }
  95   1      }


MODULE INFORMATION:   STATIC OVERLAYABLE
   CODE SIZE        =    166    ----
   CONSTANT SIZE    =   ----    ----
   XDATA SIZE       =   ----    ----
   PDATA SIZE       =   ----    ----
   DATA SIZE        =      1    ----
   IDATA SIZE       =   ----    ----
   BIT SIZE         =      1    ----
END OF MODULE INFORMATION.


C51 COMPILATION COMPLETE.  0 WARNING(S),  0 ERROR(S)
