C51 COMPILER V9.59.0.0   TRI                                                               10/17/2018 14:22:28 PAGE 1   


C51 COMPILER V9.59.0.0, COMPILATION OF MODULE TRI
OBJECT MODULE PLACED IN .\Objects\tri.obj
COMPILER INVOKED BY: C:\Keil_v5\C51\BIN\C51.EXE ADSR\tri.c OPTIMIZE(8,SPEED) BROWSE DEBUG OBJECTEXTEND PRINT(.\Listings\
                    -tri.lst) TABS(2) OBJECT(.\Objects\tri.obj)

line level    source

   1          #include <at89c5131.h>
   2          #include <stdio.h>
   3          #include <math.h>
   4          
   5          void delay(int delay_in_ms);
   6          void SPI_init();
   7          void SPI_send(char onebyte);
   8          void SPI_send2(char hbyte, char lbyte);
   9          void Timer_Init();
  10          
  11          unsigned char low,high,serial_data;
  12          
  13          sbit csb = P3^4;
  14          sbit fs = P3^5;
  15          
  16          bit k = 0;
  17          bit rising = 1;
  18          bit transmit_completed = 0;
  19          
  20          unsigned int t=0;
  21          unsigned int c=0;
  22          
  23          void main(void)
  24          {
  25   1        Timer_Init();
  26   1        SPI_init();
  27   1        while(1)
  28   1        {
  29   2          SPI_send2(high,low);
  30   2          delay(10);
  31   2        }
  32   1      }
  33          
  34          void delay(int delay_in_ms)
  35          {
  36   1        int d=0;
  37   1        while(delay_in_ms>0)
  38   1        {
  39   2          for(d=0;d<382;d++);
  40   2          delay_in_ms--;
  41   2        }
  42   1        return; 
  43   1      }
  44          
  45          void SPI_init()
  46          {
  47   1        csb = 1;
  48   1        fs = 1;                     // DISABLE ADC SLAVE SELECT-CS 
  49   1        SPCON |= 0x20;                  // P1.1(SSBAR) is available as standard I/O pin 
  50   1        SPCON |= 0x01;                  // Fclk Periph/4 AND Fclk Periph=12MHz ,HENCE SCK IE. BAUD RATE=3000KHz 
  51   1        SPCON |= 0x10;                  // Master mode 
  52   1        SPCON |= 0x08;                // CPOL=1; transmit mode example|| SCK is 0 at idle state
  53   1        SPCON &= ~0x04;                 // CPHA=0; transmit mode example 
  54   1        IEN1 |= 0x04;                   // enable spi interrupt 
C51 COMPILER V9.59.0.0   TRI                                                               10/17/2018 14:22:28 PAGE 2   

  55   1        EA=1;                           // enable interrupts 
  56   1        SPCON |= 0x40;                  // run spi;ENABLE SPI INTERFACE SPEN= 1 
  57   1      //  IPH0 |=0x10;
  58   1      //  IPL0 |=0x10;
  59   1      }
  60          
  61          void SPI_send(char onebyte)   
  62          {
  63   1        transmit_completed = 0;
  64   1        SPDAT = onebyte;
  65   1        while(!transmit_completed);
  66   1        return;
  67   1      }
  68          
  69          void SPI_send2(char hbyte,char lbyte)
  70          {
  71   1        fs = 1;
  72   1        csb = 0;
  73   1        fs = 0;
  74   1        SPI_send(hbyte);
  75   1        SPI_send(lbyte);
  76   1        fs = 1;
  77   1        csb = 1;
  78   1        return;
  79   1      }
  80          
  81          void it_SPI(void) interrupt 9 /* interrupt address is 0x004B, (Address -3)/8 = interrupt no.*/
  82          {
  83   1        switch  ( SPSTA )         /* read and clear spi status register */
  84   1        {
  85   2          case 0x80:  
  86   2            serial_data=SPDAT;   /* read receive data */    //needs to be read to clear the trigger
  87   2            transmit_completed=1;/* set software flag */
  88   2          break;
  89   2      
  90   2          case 0x10:
  91   2            
  92   2          break;
  93   2        
  94   2          case 0x40:
  95   2          break;
  96   2        }
  97   1      }
  98          
  99          void Timer_Init()
 100          {
 101   1        // Set Timer0 to work in up counting 16 bit mode. Counts upto 
 102   1        // 65536 depending upon the calues of TH0 and TL0
 103   1        // The timer counts 65536 processor cycles. A processor cycle is 
 104   1        // 12 clocks. FOr 24 MHz, it takes 65536/2 uS to overflow
 105   1          
 106   1        TH0 = 0x48;//Initialize TH0
 107   1        TL0 = 0xe4;//Initialize TL0
 108   1        TH1 = 0xef;//Initialize TH1
 109   1        TL1 = 0xb9;//Initialize TL1
 110   1        TMOD = 0x11;//Configure TMOD 
 111   1        ET0 = 1;//Set ET0
 112   1        TR0 = 1;//Set TR0
 113   1        //ET1 = 1;
 114   1        //TR1 = 1;
 115   1      }
 116          
C51 COMPILER V9.59.0.0   TRI                                                               10/17/2018 14:22:28 PAGE 3   

 117          
 118          void Timer1_ISR(void) interrupt 3
 119          {
 120   1        TR1 = 0;
 121   1        TH1 = 0xef;
 122   1        TL1 = 0xb9;
 123   1        k = ~k;
 124   1        TR1 = 1;
 125   1      }
 126          
 127          void Timer0_ISR(void) interrupt 1
 128          {
 129   1        TR0 = 0;
 130   1        TH0 = 0x48;
 131   1        TL0 = 0xe4;
 132   1        if(rising==1)
 133   1        {
 134   2          if(t<256)
 135   2            {t = t+1;
 136   3            c=c+15;}
 137   2          else
 138   2            {rising=0;}
 139   2        }
 140   1        else
 141   1        {
 142   2          if(t>0)
 143   2          {
 144   3          t=t-1;
 145   3            c = c-15;
 146   3          }
 147   2          else
 148   2          {
 149   3            rising = 1;
 150   3          }
 151   2        }
 152   1        high = c/256;
 153   1        low = c%256;
 154   1        TR0 = 1;
 155   1      }


MODULE INFORMATION:   STATIC OVERLAYABLE
   CODE SIZE        =    265    ----
   CONSTANT SIZE    =   ----    ----
   XDATA SIZE       =   ----    ----
   PDATA SIZE       =   ----    ----
   DATA SIZE        =      7    ----
   IDATA SIZE       =   ----    ----
   BIT SIZE         =      3    ----
END OF MODULE INFORMATION.


C51 COMPILATION COMPLETE.  0 WARNING(S),  0 ERROR(S)
