C51 COMPILER V9.59.0.0   BLINKY                                                            09/19/2018 12:23:57 PAGE 1   


C51 COMPILER V9.59.0.0, COMPILATION OF MODULE BLINKY
OBJECT MODULE PLACED IN .\Objects\blinky.obj
COMPILER INVOKED BY: C:\Keil_v5\C51\BIN\C51.EXE blinky.c OPTIMIZE(8,SPEED) BROWSE DEBUG OBJECTEXTEND PRINT(.\Listings\bl
                    -inky.lst) TABS(2) OBJECT(.\Objects\blinky.obj)

line level    source

   1          //-----------------------------------------------------------------------------
   2          // Blinky.c
   3          //-----------------------------------------------------------------------------
   4          //Author: Maheshwar Mangat
   5          //Release 1.0 - 22-July-2013
   6          //-Initial Revision
   7          //
   8          // Program Description:
   9          //
  10          // This program flashes the P1.4 RED LED on the Pt-51 target board at interval of 1 sec.
  11          //
  12          // How To Test:
  13          //
  14          // 1) Download code to a 'Pt-51' target board
  15          // 2) Run the code and if the P1.4 LED blinks, the code works
  16          //
  17          //
  18          //
  19          // Target: AT89C5131A
  20          // Tool chain: Keil C51
  21          // Command Line: None
  22          //
  23          //
  24          //-----------------------------------------------------------------------------
  25          // Include necessary header files here
  26          //-----------------------------------------------------------------------------
  27          #include <AT89C5131.h> // All SFR declarations for AT89C5131
  28          //-----------------------------------------------------------------------------
  29          // Global Declarations
  30          //-----------------------------------------------------------------------------
  31          sbit LED = P1^7; //assigning label to P1^7 as "LED"
  32          //-----------------------------------------------------------------------------
  33          // Function prototypes
  34          //-----------------------------------------------------------------------------
  35          void delayms(unsigned int ms_sec);
  36          //-----------------------------------------------------------------------------
  37          // main() Routine
  38          //-----------------------------------------------------------------------------
  39          void main (void)
  40          {
  41   1      P1=0x000; // port pin P1.3 as output
  42   1      LED=0; //Initialise LED to 0;
  43   1      while (1) // Loop forever
  44   1      {
  45   2      LED=~LED; // To toggle the LED
  46   2      delayms(1000);
  47   2      }
  48   1      }
  49          //-----------------------------------------------------------------------------
  50          // Function definitions
  51          //-----------------------------------------------------------------------------
  52          //-----------------------------------------------------------------------------
  53          // void delayms(unsigned int ms_sec)
  54          //-----------------------------------------------------------------------------
C51 COMPILER V9.59.0.0   BLINKY                                                            09/19/2018 12:23:57 PAGE 2   

  55          //
  56          // Return Value : None
  57          // Parameters : ms_sec as a value of delay in milliseconds
  58          //
  59          void delayms(unsigned int ms_sec)
  60          {
  61   1      unsigned int i,j;
  62   1      for (i=0;i<ms_sec;i++)
  63   1      {
  64   2      for (j=0;j<355;j++) 
  65   2        //This loop runs 355 times which approximately gives 1ms delay with 24MHz system clock.
  66   2      {
  67   3      //do nothing
  68   3      }
  69   2      }
  70   1      }
  71          //-----------------------------------------------------------------------------
  72          // End Of File
  73          //-----------------------------------------------------------------------------


MODULE INFORMATION:   STATIC OVERLAYABLE
   CODE SIZE        =     48    ----
   CONSTANT SIZE    =   ----    ----
   XDATA SIZE       =   ----    ----
   PDATA SIZE       =   ----    ----
   DATA SIZE        =   ----    ----
   IDATA SIZE       =   ----    ----
   BIT SIZE         =   ----    ----
END OF MODULE INFORMATION.


C51 COMPILATION COMPLETE.  0 WARNING(S),  0 ERROR(S)
