C51 COMPILER V9.50a   ENDSEM2                                                              10/27/2018 16:16:58 PAGE 1   


C51 COMPILER V9.50a, COMPILATION OF MODULE ENDSEM2
OBJECT MODULE PLACED IN endsem2.OBJ
COMPILER INVOKED BY: C:\Keil\C51\BIN\C51.EXE endsem2.c BROWSE DEBUG OBJECTEXTEND TABS(2)

line level    source

   1          #include<at89c5131.h>
   2          #include<stdio.h>
   3          
   4          unsigned char valStr[5];
   5          
   6          sbit led = P3^7;
   7          float x,y,p,q,i;
   8          float dat;
   9          unsigned int count = 0;
  10          
  11          void timer_init();
  12          void init_serial();
  13          void transmit_value(float val);
  14          
  15          void main(void)
  16          {
  17   1        init_serial();
  18   1        x = 0;
  19   1        y = 0;
  20   1        p = 0;
  21   1        q = 2.5;
  22   1        timer_init();
  23   1        while(1);
  24   1      }
  25          
  26          void init_serial()
  27          {
  28   1        SCON |= 0xC0;
  29   1        TH1 = 255;
  30   1        TL1 = 255;
  31   1        PCON &= ~(0x80);
  32   1        TMOD |= 0x20;
  33   1        EA = 1;
  34   1        //ES = 1;
  35   1        ES = 0;
  36   1        ET1 = 0;
  37   1        TR1 = 1;
  38   1      }
  39          
  40          void timer_init()
  41          {
  42   1        TMOD |= 0x01;
  43   1        TH0 = 0xD5;//CF
  44   1        TL0 = 0x2C;//2C
  45   1        ET0 = 1;
  46   1        EA = 1;
  47   1        led = 0;
  48   1        TR0 = 1;
  49   1      }
  50          
  51          void Timer0_ISR(void) interrupt 1
  52          {
  53   1        TR0 = 0;
  54   1        x = ((0.98078)*p) + ((0.19509)*q);
  55   1        y = ((0.98078)*q) - ((0.19509)*p);
C51 COMPILER V9.50a   ENDSEM2                                                              10/27/2018 16:16:58 PAGE 2   

  56   1        p = x;
  57   1        q = y;
  58   1        i = p+2.5;
  59   1        transmit_value(i);
  60   1        TH0 = 0xD5;
  61   1        TL0 = 0x1C;
  62   1        led = ~led;
  63   1        TR0 = 1;
  64   1      }
  65          
  66          void transmit_value(float val)
  67          {
  68   1        sprintf(valStr,"%1.3f\n",val);
  69   1        count = 0;
  70   1        while(count<5)
  71   1        {
  72   2          dat = valStr[count];
  73   2          ACC = 0;
  74   2          ACC = ACC + dat;
  75   2          TB8 = PSW^0;
  76   2          SBUF = dat;
  77   2          while (TI==0);
  78   2          TI = 0;
  79   2          count = count + 1;
  80   2        }
  81   1        dat = '\n';
  82   1        ACC = 0;
  83   1        ACC = ACC + dat;
  84   1        TB8 = PSW^0;
  85   1        SBUF = dat;
  86   1        while(TI==0);
  87   1        TI = 0;
  88   1        return;
  89   1      }


MODULE INFORMATION:   STATIC OVERLAYABLE
   CODE SIZE        =    495    ----
   CONSTANT SIZE    =      7    ----
   XDATA SIZE       =   ----    ----
   PDATA SIZE       =   ----    ----
   DATA SIZE        =     31    ----
   IDATA SIZE       =   ----    ----
   BIT SIZE         =   ----    ----
END OF MODULE INFORMATION.


C51 COMPILATION COMPLETE.  0 WARNING(S),  0 ERROR(S)
