A51 MACRO ASSEMBLER  LW_1_1                                                               08/01/2018 19:04:52 PAGE     1


MACRO ASSEMBLER A51 V8.2.7.0
OBJECT MODULE PLACED IN .\Objects\lw_1_1.obj
ASSEMBLER INVOKED BY: C:\Keil_v5\C51\BIN\A51.EXE lw_1_1.asm SET(SMALL) DEBUG PRINT(.\Listings\lw_1_1.lst) OBJECT(.\Objec
                      ts\lw_1_1.obj) EP

LOC  OBJ            LINE     SOURCE

0000                   1     org 00h
0000 020100            2     ljmp main
0100                   3     org 100h
                       4             
0100                   5     main:
0100 7560FE            6     mov 60h,#0FEh
0103 7561BE            7     mov 61h,#0BEh
0106 7570FF            8     mov 70h,#0FFh
0109 7571FF            9     mov 71h,#0FFh
                      10     
                      11     
010C E560             12     mov a,60h
010E 5480             13     anl a,#10000000b
0110 23               14     rl a
0111 F504             15     mov 4,a
0113 E570             16     mov a,70h
0115 5480             17     anl a, #80h
0117 23               18     rl a
0118 F505             19     mov 5,a
                      20     
                      21     
011A E4               22     clr a
011B C3               23     clr c
011C 3561             24     addc a ,61h
011E 3571             25     addc a ,71h
0120 F564             26     mov 64h,a
                      27     
0122 E560             28     mov a,60h
0124 3570             29     addc a,70h
0126 F563             30     mov 63h,a
                      31     
0128 E4               32     clr a
0129 3C               33     addc a, r4
012A 2D               34     add a,r5
012B 5401             35     anl a,#1
012D F562             36     mov 62h,a
012F 80FE             37     loop: sjmp loop
                      38     end
A51 MACRO ASSEMBLER  LW_1_1                                                               08/01/2018 19:04:52 PAGE     2

SYMBOL TABLE LISTING
------ ----- -------


N A M E             T Y P E  V A L U E   ATTRIBUTES

LOOP . . . . . . .  C ADDR   012FH   A   
MAIN . . . . . . .  C ADDR   0100H   A   


REGISTER BANK(S) USED: 0 


ASSEMBLY COMPLETE.  0 WARNING(S), 0 ERROR(S)
