A51 MACRO ASSEMBLER  HW2                                                                  08/21/2018 14:27:00 PAGE     1


MACRO ASSEMBLER A51 V8.2.7.0
OBJECT MODULE PLACED IN .\Objects\hw2.obj
ASSEMBLER INVOKED BY: C:\Keil_v5\C51\BIN\A51.EXE hw2.asm SET(SMALL) DEBUG PRINT(.\Listings\hw2.lst) OBJECT(.\Objects\hw2
                      .obj) EP

LOC  OBJ            LINE     SOURCE

  00A0                 1     LCD_data equ P2    ;LCD Data port
  0080                 2     LCD_rs   equ P0.0  ;LCD Register Select
  0081                 3     LCD_rw   equ P0.1  ;LCD Read/Write
  0082                 4     LCD_en   equ P0.2  ;LCD Enable
                       5     
0000                   6     org 00h
0000 020280            7     ljmp main
0100                   8     org 100h
                       9     ;------------------------bin2ascii codes-----------------------
0100                  10             convert:
0100 F5F0             11             mov b,a
0102 C3               12             clr c
0103 940A             13             subb a,#0ah
0105 E5F0             14             mov a,b
0107 4004             15             jc is_int
0109 2437             16             add a,#55
010B 8002             17             jmp skip
010D                  18             is_int:
010D 2430             19             add a,#30h
010F 22               20             skip:ret
                      21             
0110                  22             bin2ascii:
                      23             using 0
0110 C000             24             push ar0
0112 C001             25             push ar1
0114 C003             26             push ar3
                      27             ;push here
0116 AB50             28             mov r3,50h
0118 A851             29             mov r0,51h ;read pointer
011A 7960             30             mov r1,#60h ;write pointer
011C                  31             new_number:
011C E6               32             mov a,@r0
011D 54F0             33             anl a,#0f0h
011F C4               34             swap a
0120 120100           35             lcall convert
0123 F7               36             mov @r1,a
0124 09               37             inc r1
0125 E6               38             mov a,@r0
0126 540F             39             anl a,#0fh
0128 120100           40             lcall convert
012B F7               41             mov @r1,a
012C 09               42             inc r1
012D 08               43             inc r0
012E DBEC             44             djnz r3,new_number
                      45             ;pop here
0130 D003             46             pop ar3
0132 D001             47             pop ar1
0134 D000             48             pop ar0
0136 22               49             ret
                      50     ;-------------------------------------------------------        
                      51     ;----------------------lcd delay-----------------------
0137 C000             52     delaylcd:        push 0
0139 C001             53              push 1
013B 7801             54              mov r0,#1
013D 79FF             55     loop2:   mov r1,#255
013F D9FE             56              loop1:  djnz r1, loop1
0141 D8FA             57              djnz r0, loop2
A51 MACRO ASSEMBLER  HW2                                                                  08/21/2018 14:27:00 PAGE     2

0143 D001             58              pop 1
0145 D000             59              pop 0 
0147 22               60              ret
                      61     ;---------------------------------------------------------
                      62     ;----------------------------------LCD codes----------------------------------------------
0148                  63             clrlcd:
0148 75A001           64                      mov   LCD_data,#01H  ;Clear LCD
014B C280             65              clr   LCD_rs         ;Selected command register
014D C281             66              clr   LCD_rw         ;We are writing in instruction register
014F D282             67              setb  LCD_en         ;Enable H->L
0151 31C6             68                      acall delay
0153 C282             69              clr   LCD_en
                      70              
0155 31C6             71                      acall delay
0157 22               72                      ret
                      73                      
0158                  74             lcd_init:
0158 75A038           75              mov   LCD_data,#38H  ;Function set: 2 Line, 8-bit, 5x7 dots
015B C280             76              clr   LCD_rs         ;Selected command register
015D C281             77              clr   LCD_rw         ;We are writing in instruction register
015F D282             78              setb  LCD_en         ;Enable H->L
0161 3137             79                      acall delaylcd
0163 C282             80              clr   LCD_en
0165 3137             81                  acall delaylcd
                      82     
0167 75A00C           83              mov   LCD_data,#0CH  ;Display on, Curson off
016A C280             84              clr   LCD_rs         ;Selected instruction register
016C C281             85              clr   LCD_rw         ;We are writing in instruction register
016E D282             86              setb  LCD_en         ;Enable H->L
0170 3137             87                      acall delaylcd
0172 C282             88              clr   LCD_en
                      89              
0174 3137             90                      acall delaylcd
0176 75A001           91              mov   LCD_data,#01H  ;Clear LCD
0179 C280             92              clr   LCD_rs         ;Selected command register
017B C281             93              clr   LCD_rw         ;We are writing in instruction register
017D D282             94              setb  LCD_en         ;Enable H->L
017F 31C6             95                      acall delay
0181 C282             96              clr   LCD_en
                      97              
0183 3137             98                      acall delaylcd
                      99     
0185 75A006          100              mov   LCD_data,#06H  ;Entry mode, auto increment with no shift   ;change made!!
0188 C280            101              clr   LCD_rs         ;Selected command register
018A C281            102              clr   LCD_rw         ;We are writing in instruction register
018C D282            103              setb  LCD_en         ;Enable H->L
018E 3137            104                      acall delaylcd
0190 C282            105              clr   LCD_en
                     106     
0192 3137            107                      acall delaylcd
                     108              
0194 22              109              ret                  ;Return from routine
                     110                      
0195                 111              lcd_command:
0195 F5A0            112              mov   LCD_data,A     ;Move the command to LCD port
0197 C280            113              clr   LCD_rs         ;Selected command register
0199 C281            114              clr   LCD_rw         ;We are writing in instruction register
019B D282            115              setb  LCD_en         ;Enable H->L
019D 31C6            116                      acall delay
019F C282            117              clr   LCD_en
01A1 3137            118                      acall delaylcd
                     119         
01A3 22              120              ret 
                     121     
01A4                 122              lcd_senddata:
01A4 F5A0            123              mov   LCD_data,A     ;Move the command to LCD port
A51 MACRO ASSEMBLER  HW2                                                                  08/21/2018 14:27:00 PAGE     3

01A6 D280            124              setb  LCD_rs         ;Selected data register
01A8 C281            125              clr   LCD_rw         ;We are writing
01AA D282            126              setb  LCD_en         ;Enable H->L
01AC 31C6            127                      acall delay
01AE C282            128              clr   LCD_en
01B0 3137            129              acall delaylcd
01B2 3137            130                      acall delaylcd
01B4 22              131              ret                  ;Return from busy routine
                     132     ;-----------------------------------------------------------------------------------------
01B5                 133             delay_min: ;adds delay of 50ms
                     134             using 0
01B5 C001            135             push ar1
01B7 C002            136             push ar2
01B9 7AC8            137             mov r2,#200
01BB                 138             back1:
01BB 79FF            139                     mov r1,#0ffh
01BD                 140                     back:
01BD D9FE            141                             djnz r1,back
01BF DAFA            142                     djnz r2,back1
01C1 D002            143             pop ar2
01C3 D001            144             pop ar1
01C5 22              145             ret
                     146     
01C6                 147             delay: ;adds delay equal to D/2 seconds where D is stored in r0
                     148             using 0
01C6 C000            149             push ar0
01C8 C004            150             push ar4        
01CA                 151             outer:
01CA 7C0A            152             mov r4,#10
01CC                 153             inner:
01CC 1201B5          154             lcall delay_min
01CF DCFB            155             djnz r4,inner
01D1 D8F7            156             djnz r0,outer
01D3 D004            157             pop ar4
01D5 D000            158             pop ar0
01D7 22              159             ret
                     160             
01D8                 161             setleds:
01D8 D297            162             setb p1.7
01DA D296            163             setb p1.6
01DC D295            164             setb p1.5
01DE D294            165             setb p1.4
01E0 22              166             ret
                     167             
01E1                 168             clrleds:
01E1 C297            169             clr p1.7
01E3 C296            170             clr p1.6
01E5 C295            171             clr p1.5
01E7 C294            172             clr p1.4
01E9 22              173             ret
                     174             
01EA                 175             readNibble: ;moves nibble to @r1
                     176             using 0
01EA C000            177             push ar0
01EC C002            178             push ar2
01EE                 179             readNibbleloop:
01EE 1201D8          180             lcall setleds
01F1 780A            181             mov r0,#10
01F3 1201C6          182             lcall delay
01F6 1201E1          183             lcall clrleds
01F9 7802            184             mov r0,#2
01FB 1201C6          185             lcall delay
01FE E590            186             mov a,p1
0200 540F            187             anl a,#0fh
0202 F5F0            188             mov b,a
0204 C4              189             swap a
A51 MACRO ASSEMBLER  HW2                                                                  08/21/2018 14:27:00 PAGE     4

0205 240F            190             add a,#0fh
0207 F590            191             mov p1,a
0209 780A            192             mov r0,#10
020B 1201C6          193             lcall delay
020E 3090DD          194             jnb p1.0,readNibbleloop
0211 1201E1          195             lcall clrleds
0214 7802            196             mov r0,#2
0216 1201C6          197             lcall delay
0219 A7F0            198             mov @r1,b
021B D002            199             pop ar2
021D D000            200             pop ar0
021F 22              201             ret
                     202     
0220                 203             packNibbles: ;moves 4eh and 4fh to @r0
0220 C0E0            204             push 0e0h
0222 E54E            205             mov a,4eh
0224 C4              206             swap a
0225 254F            207             add a,4fh
0227 F6              208             mov @r0,a
0228 D0E0            209             pop 0e0h
022A 22              210             ret
                     211             
022B                 212             readvalues:
                     213             ;--------------------read the data-------------------------------------------------
                             --
022B AA50            214             mov r2,50h
022D A851            215             mov r0,51h
022F 794E            216             new_number1:mov r1,#4eh
0231 31EA            217             acall readNibble
0233 09              218             inc r1
0234 31EA            219             acall readNibble
0236 5120            220             acall packNibbles
0238 08              221             inc r0
0239 DAF4            222             djnz r2,new_number1
023B 31E1            223             acall clrleds
023D 22              224             ret
                     225             
023E                 226             display_values:
                     227             ;-----------------display on lcd. never exits--------------------------------------
                             -------
023E 7802            228             mov r0,#2h
0240 31C6            229             acall delay ;delay for lcd power-up
0242 75A000          230             mov P2,#00h
0245 759000          231         mov P1,#00h
0248                 232             infinite_loop:
0248 3158            233             acall lcd_init ;initialize lcd
024A 3137            234             acall delaylcd
024C 3137            235             acall delaylcd
024E 7483            236             mov a,#83h
0250 3195            237             acall lcd_command
0252 3137            238             acall delaylcd
                     239             ;-----------------------------read the switches------------------------------------
                             -------
0254 7590FF          240             mov p1,#0ffh
0257 7804            241             mov r0,#4h
0259 31C6            242             acall delay
025B E590            243             mov a,p1
025D 31E1            244             acall clrleds
025F 540F            245             anl a,#0fh
0261 FC              246             mov r4,a
0262 C3              247             clr c
0263 9550            248             subb a,50h
0265 5012            249             jnc wrong_index
0267 EC              250             mov a,r4
0268 2C              251             add a,r4
0269 2460            252             add a,#60h
A51 MACRO ASSEMBLER  HW2                                                                  08/21/2018 14:27:00 PAGE     5

026B F9              253             mov r1,a
026C E7              254             mov a,@r1
026D 31A4            255             acall lcd_senddata
026F 3137            256             acall delaylcd
0271 09              257             inc r1
0272 E7              258             mov a,@r1
0273 31A4            259             acall lcd_senddata
0275 7804            260             mov r0,#4h
0277 8002            261             sjmp wait
0279 3148            262             wrong_index: acall clrlcd
027B 31C6            263             wait:acall delay
027D 80C9            264             sjmp infinite_loop
027F 22              265             ret
                     266             
                     267             
0280                 268             main:
0280 755002          269             mov 50h,#2h
0283 755152          270             mov 51h,#52h
0286 512B            271             acall readvalues
                     272             ;------------------------data read and ascii conversion----------------------------
                             --------------------------
0288 3110            273             acall bin2ascii
                     274             ;-------------------------display values-------------------------------------------
                             ----------
028A 513E            275             acall display_values
028C 80FE            276             stay: sjmp stay
                     277             end
A51 MACRO ASSEMBLER  HW2                                                                  08/21/2018 14:27:00 PAGE     6

SYMBOL TABLE LISTING
------ ----- -------


N A M E             T Y P E  V A L U E   ATTRIBUTES

AR0. . . . . . . .  D ADDR   0000H   A   
AR1. . . . . . . .  D ADDR   0001H   A   
AR2. . . . . . . .  D ADDR   0002H   A   
AR3. . . . . . . .  D ADDR   0003H   A   
AR4. . . . . . . .  D ADDR   0004H   A   
B. . . . . . . . .  D ADDR   00F0H   A   
BACK . . . . . . .  C ADDR   01BDH   A   
BACK1. . . . . . .  C ADDR   01BBH   A   
BIN2ASCII. . . . .  C ADDR   0110H   A   
CLRLCD . . . . . .  C ADDR   0148H   A   
CLRLEDS. . . . . .  C ADDR   01E1H   A   
CONVERT. . . . . .  C ADDR   0100H   A   
DELAY. . . . . . .  C ADDR   01C6H   A   
DELAYLCD . . . . .  C ADDR   0137H   A   
DELAY_MIN. . . . .  C ADDR   01B5H   A   
DISPLAY_VALUES . .  C ADDR   023EH   A   
INFINITE_LOOP. . .  C ADDR   0248H   A   
INNER. . . . . . .  C ADDR   01CCH   A   
IS_INT . . . . . .  C ADDR   010DH   A   
LCD_COMMAND. . . .  C ADDR   0195H   A   
LCD_DATA . . . . .  D ADDR   00A0H   A   
LCD_EN . . . . . .  B ADDR   0080H.2 A   
LCD_INIT . . . . .  C ADDR   0158H   A   
LCD_RS . . . . . .  B ADDR   0080H.0 A   
LCD_RW . . . . . .  B ADDR   0080H.1 A   
LCD_SENDDATA . . .  C ADDR   01A4H   A   
LOOP1. . . . . . .  C ADDR   013FH   A   
LOOP2. . . . . . .  C ADDR   013DH   A   
MAIN . . . . . . .  C ADDR   0280H   A   
NEW_NUMBER . . . .  C ADDR   011CH   A   
NEW_NUMBER1. . . .  C ADDR   022FH   A   
OUTER. . . . . . .  C ADDR   01CAH   A   
P0 . . . . . . . .  D ADDR   0080H   A   
P1 . . . . . . . .  D ADDR   0090H   A   
P2 . . . . . . . .  D ADDR   00A0H   A   
PACKNIBBLES. . . .  C ADDR   0220H   A   
READNIBBLE . . . .  C ADDR   01EAH   A   
READNIBBLELOOP . .  C ADDR   01EEH   A   
READVALUES . . . .  C ADDR   022BH   A   
SETLEDS. . . . . .  C ADDR   01D8H   A   
SKIP . . . . . . .  C ADDR   010FH   A   
STAY . . . . . . .  C ADDR   028CH   A   
WAIT . . . . . . .  C ADDR   027BH   A   
WRONG_INDEX. . . .  C ADDR   0279H   A   


REGISTER BANK(S) USED: 0 


ASSEMBLY COMPLETE.  0 WARNING(S), 0 ERROR(S)
